\BOOKMARK [1][-]{section.1}{\376\377\000C\000h\000a\000p\000t\000e\000r\000\040\0001\000:}{}% 1
\BOOKMARK [2][-]{subsection.1.1}{\376\377\000L\000i\000t\000e\000r\000a\000t\000u\000r\000e\000\040\000R\000e\000v\000i\000e\000w}{section.1}% 2
\BOOKMARK [3][-]{subsubsection.1.1.1}{\376\377\000G\000e\000n\000e\000r\000a\000l\000\040\000I\000n\000t\000r\000o\000d\000u\000c\000t\000i\000o\000n}{subsection.1.1}% 3
\BOOKMARK [3][-]{subsubsection.1.1.2}{\376\377\000W\000h\000o\000\040\000i\000s\000\040\000a\000t\000\040\000r\000i\000s\000k\000?}{subsection.1.1}% 4
\BOOKMARK [2][-]{subsection.1.2}{\376\377\000R\000i\000s\000k\000y\000\040\000S\000e\000x\000u\000a\000l\000\040\000B\000e\000h\000a\000v\000i\000o\000r\000s\000\040\000a\000n\000d\000\040\000S\000T\000I\000s}{section.1}% 5
\BOOKMARK [2][-]{subsection.1.3}{\376\377\000M\000o\000r\000a\000l\000\040\000J\000u\000d\000g\000m\000e\000n\000t\000\040\000a\000n\000d\000\040\000D\000e\000c\000i\000s\000i\000o\000n\000-\000M\000a\000k\000i\000n\000g}{section.1}% 6
\BOOKMARK [2][-]{subsection.1.4}{\376\377\000P\000o\000w\000e\000r}{section.1}% 7
\BOOKMARK [2][-]{subsection.1.5}{\376\377\000C\000o\000g\000n\000i\000t\000i\000o\000n}{section.1}% 8
\BOOKMARK [3][-]{subsubsection.1.5.1}{\376\377\000A\000g\000g\000r\000e\000s\000s\000i\000o\000n\000\040\000a\000n\000d\000\040\000C\000o\000g\000n\000i\000t\000i\000o\000n}{subsection.1.5}% 9
\BOOKMARK [2][-]{subsection.1.6}{\376\377\000I\000n\000t\000e\000n\000d\000e\000d\000\040\000p\000u\000r\000p\000o\000s\000e}{section.1}% 10
\BOOKMARK [2][-]{subsection.1.7}{\376\377\000E\000x\000p\000l\000o\000r\000a\000t\000o\000r\000y\000\040\000E\000x\000p\000e\000r\000i\000m\000e\000n\000t\000\040\0001\000:}{section.1}% 11
\BOOKMARK [2][-]{subsection.1.8}{\376\377\000D\000o\000m\000i\000n\000a\000n\000c\000e\000,\000\040\000P\000r\000e\000s\000t\000i\000g\000e\000,\000\040\000a\000n\000d\000\040\000L\000e\000a\000d\000e\000r\000s\000h\000i\000p\000\040\000o\000r\000i\000e\000n\000t\000a\000t\000i\000o\000n\000\040\000a\000n\000d\000\040\000S\000p\000i\000t\000e\000f\000u\000l\000n\000e\000s\000s}{section.1}% 12
\BOOKMARK [2][-]{subsection.1.9}{\376\377\000M\000e\000t\000h\000o\000d}{section.1}% 13
\BOOKMARK [3][-]{subsubsection.1.9.1}{\376\377\000P\000a\000r\000t\000i\000c\000i\000p\000a\000n\000t\000s}{subsection.1.9}% 14
\BOOKMARK [3][-]{subsubsection.1.9.2}{\376\377\000D\000e\000m\000o\000g\000r\000a\000p\000h\000i\000c\000\040\000Q\000u\000e\000s\000t\000i\000o\000n\000n\000a\000i\000r\000e}{subsection.1.9}% 15
\BOOKMARK [3][-]{subsubsection.1.9.3}{\376\377\000D\000o\000m\000i\000n\000a\000n\000c\000e\000,\000\040\000P\000r\000e\000s\000t\000i\000g\000e\000,\000\040\000a\000n\000d\000\040\000L\000e\000a\000d\000e\000r\000s\000h\000i\000p\000\040\000O\000r\000i\000e\000n\000t\000a\000t\000i\000o\000n}{subsection.1.9}% 16
\BOOKMARK [3][-]{subsubsection.1.9.4}{\376\377\000S\000p\000i\000t\000e\000f\000u\000l\000n\000e\000s\000s\000\040\000S\000c\000a\000l\000e}{subsection.1.9}% 17
\BOOKMARK [3][-]{subsubsection.1.9.5}{\376\377\000S\000e\000x\000u\000a\000l\000i\000t\000y\000\040\000S\000e\000l\000f\000-\000E\000s\000t\000e\000e\000m\000\040\000S\000u\000b\000s\000c\000a\000l\000e}{subsection.1.9}% 18
\BOOKMARK [3][-]{subsubsection.1.9.6}{\376\377\000S\000e\000x\000u\000a\000l\000\040\000J\000e\000a\000l\000o\000u\000s\000y\000\040\000S\000u\000b\000s\000c\000a\000l\000e}{subsection.1.9}% 19
\BOOKMARK [3][-]{subsubsection.1.9.7}{\376\377\000S\000e\000x\000u\000a\000l\000\040\000R\000e\000l\000a\000t\000i\000o\000n\000s\000h\000i\000p\000\040\000P\000o\000w\000e\000r\000\040\000S\000c\000a\000l\000e}{subsection.1.9}% 20
\BOOKMARK [3][-]{subsubsection.1.9.8}{\376\377\000S\000c\000e\000n\000a\000r\000i\000o\000\040\000R\000e\000a\000l\000i\000s\000m\000\040\000Q\000u\000e\000s\000t\000i\000o\000n}{subsection.1.9}% 21
\BOOKMARK [3][-]{subsubsection.1.9.9}{\376\377\000S\000p\000i\000t\000e\000f\000u\000l\000\040\000V\000i\000g\000n\000e\000t\000t\000e\000s}{subsection.1.9}% 22
\BOOKMARK [2][-]{subsection.1.10}{\376\377\000P\000r\000o\000c\000e\000d\000u\000r\000e}{section.1}% 23
\BOOKMARK [2][-]{subsection.1.11}{\376\377\000D\000a\000t\000a\000\040\000A\000n\000a\000l\000y\000s\000i\000s}{section.1}% 24
\BOOKMARK [2][-]{subsection.1.12}{\376\377\000R\000e\000s\000u\000l\000t\000s\000\040\000a\000n\000d\000\040\000D\000i\000s\000c\000u\000s\000s\000i\000o\000n}{section.1}% 25
\BOOKMARK [3][-]{subsubsection.1.12.1}{\376\377\000S\000p\000i\000t\000e\000f\000u\000l\000n\000e\000s\000s}{subsection.1.12}% 26
\BOOKMARK [2][-]{subsection.1.13}{\376\377\000L\000i\000m\000i\000t\000a\000t\000i\000o\000n\000s\000\040\000a\000n\000d\000\040\000F\000u\000t\000u\000r\000e\000\040\000D\000i\000r\000e\000c\000t\000i\000o\000n\000s}{section.1}% 27
\BOOKMARK [1][-]{section.2}{\376\377\000E\000x\000p\000e\000r\000i\000m\000e\000n\000t\000\040\0002}{}% 28
\BOOKMARK [1][-]{section.3}{\376\377\000C\000h\000a\000p\000t\000e\000r\000\040\0002\000:\000\040\000D\000o\000m\000a\000i\000n\000\040\000S\000p\000e\000c\000i\000f\000i\000c\000\040\000R\000i\000s\000k\000-\000t\000a\000k\000i\000n\000g\000\040\000a\000n\000d\000\040\000D\000e\000c\000i\000s\000i\000o\000n\000-\000m\000a\000k\000i\000n\000g}{}% 29
\BOOKMARK [2][-]{subsection.3.1}{\376\377\000I\000n\000t\000r\000o\000d\000u\000c\000t\000i\000o\000n}{section.3}% 30
\BOOKMARK [3][-]{subsubsection.3.1.1}{\376\377\000D\000o\000m\000i\000n\000a\000n\000c\000e\000,\000\040\000P\000r\000e\000s\000t\000i\000g\000e\000,\000\040\000a\000n\000d\000\040\000L\000e\000a\000d\000e\000r\000s\000h\000i\000p\000\040\000o\000r\000i\000e\000n\000t\000a\000t\000i\000o\000n}{subsection.3.1}% 31
\BOOKMARK [4][-]{paragraph.3.1.1.1}{\376\377\000D\000o\000m\000i\000n\000a\000n\000c\000e}{subsubsection.3.1.1}% 32
\BOOKMARK [4][-]{paragraph.3.1.1.2}{\376\377\000P\000r\000e\000s\000t\000i\000g\000e}{subsubsection.3.1.1}% 33
\BOOKMARK [4][-]{paragraph.3.1.1.3}{\376\377\000L\000e\000a\000d\000e\000r\000s\000h\000i\000p}{subsubsection.3.1.1}% 34
\BOOKMARK [3][-]{subsubsection.3.1.2}{\376\377\000T\000h\000e\000\040\000p\000r\000e\000s\000e\000n\000t\000\040\000s\000t\000u\000d\000y}{subsection.3.1}% 35
\BOOKMARK [3][-]{subsubsection.3.1.3}{\376\377\000M\000e\000t\000h\000o\000d\000s}{subsection.3.1}% 36
\BOOKMARK [3][-]{subsubsection.3.1.4}{\376\377\000M\000a\000t\000e\000r\000i\000a\000l\000s}{subsection.3.1}% 37
\BOOKMARK [4][-]{paragraph.3.1.4.1}{\376\377\000D\000e\000m\000o\000g\000r\000a\000p\000h\000i\000c\000\040\000Q\000u\000e\000s\000t\000i\000o\000n\000n\000a\000i\000r\000e}{subsubsection.3.1.4}% 38
\BOOKMARK [4][-]{paragraph.3.1.4.2}{\376\377\000D\000o\000m\000i\000n\000a\000n\000c\000e\000,\000\040\000P\000r\000e\000s\000t\000i\000g\000e\000,\000\040\000a\000n\000d\000\040\000L\000e\000a\000d\000e\000r\000s\000h\000i\000p\000\040\000O\000r\000i\000e\000n\000t\000a\000t\000i\000o\000n}{subsubsection.3.1.4}% 39
\BOOKMARK [4][-]{paragraph.3.1.4.3}{\376\377\000D\000o\000m\000a\000i\000n\000\040\000S\000p\000e\000c\000i\000f\000i\000c\000\040\000R\000i\000s\000k\000-\000t\000a\000k\000i\000n\000g\000\040\000S\000c\000a\000l\000e}{subsubsection.3.1.4}% 40
\BOOKMARK [3][-]{subsubsection.3.1.5}{\376\377\000P\000r\000o\000c\000e\000d\000u\000r\000e}{subsection.3.1}% 41
\BOOKMARK [3][-]{subsubsection.3.1.6}{\376\377\000D\000a\000t\000a\000\040\000a\000n\000a\000l\000y\000s\000i\000s}{subsection.3.1}% 42
\BOOKMARK [3][-]{subsubsection.3.1.7}{\376\377\000R\000e\000s\000u\000l\000t\000s}{subsection.3.1}% 43
\BOOKMARK [4][-]{paragraph.3.1.7.1}{\376\377\000P\000r\000e\000r\000e\000g\000i\000s\000t\000e\000r\000e\000d\000\040\000A\000n\000a\000l\000y\000s\000e\000s}{subsubsection.3.1.7}% 44
\BOOKMARK [4][-]{paragraph.3.1.7.2}{\376\377\000D\000e\000m\000o\000g\000r\000a\000p\000h\000i\000c\000\040\000a\000n\000d\000\040\000D\000o\000P\000L}{subsubsection.3.1.7}% 45
\BOOKMARK [3][-]{subsubsection.3.1.8}{\376\377\000D\000o\000m\000a\000i\000n\000-\000S\000p\000e\000c\000i\000f\000i\000c\000\040\000R\000i\000s\000k\000-\000T\000a\000k\000i\000n\000g}{subsection.3.1}% 46
\BOOKMARK [3][-]{subsubsection.3.1.9}{\376\377\000I\000n\000t\000e\000r\000a\000c\000t\000i\000o\000n\000s}{subsection.3.1}% 47
\BOOKMARK [3][-]{subsubsection.3.1.10}{\376\377\000D\000i\000s\000c\000u\000s\000s\000i\000o\000n}{subsection.3.1}% 48
\BOOKMARK [2][-]{subsection.3.2}{\376\377\000E\000x\000p\000e\000r\000i\000m\000e\000n\000t\000\040\0002}{section.3}% 49
\BOOKMARK [3][-]{subsubsection.3.2.1}{\376\377\000M\000e\000t\000h\000o\000d\000s}{subsection.3.2}% 50
\BOOKMARK [3][-]{subsubsection.3.2.2}{\376\377\000M\000a\000t\000e\000r\000i\000a\000l\000s}{subsection.3.2}% 51
\BOOKMARK [4][-]{paragraph.3.2.2.1}{\376\377\000B\000r\000i\000e\000f\000-\000P\000a\000t\000h\000o\000l\000o\000g\000i\000c\000a\000l\000\040\000N\000a\000r\000c\000i\000s\000s\000i\000s\000m\000\040\000I\000n\000v\000e\000n\000t\000o\000r\000y}{subsubsection.3.2.2}% 52
\BOOKMARK [3][-]{subsubsection.3.2.3}{\376\377\000P\000r\000o\000c\000e\000d\000u\000r\000e}{subsection.3.2}% 53
\BOOKMARK [3][-]{subsubsection.3.2.4}{\376\377\000D\000a\000t\000a\000\040\000a\000n\000a\000l\000y\000s\000i\000s}{subsection.3.2}% 54
\BOOKMARK [3][-]{subsubsection.3.2.5}{\376\377\000R\000e\000s\000u\000l\000t\000s}{subsection.3.2}% 55
\BOOKMARK [3][-]{subsubsection.3.2.6}{\376\377\000P\000r\000e\000r\000e\000g\000i\000s\000t\000e\000r\000e\000d\000\040\000A\000n\000a\000l\000y\000s\000e\000s}{subsection.3.2}% 56
\BOOKMARK [4][-]{paragraph.3.2.6.1}{\376\377\000D\000e\000m\000o\000g\000r\000a\000p\000h\000i\000c\000\040\000a\000n\000d\000\040\000D\000o\000P\000L}{subsubsection.3.2.6}% 57
\BOOKMARK [3][-]{subsubsection.3.2.7}{\376\377\000D\000o\000m\000a\000i\000n\000-\000S\000p\000e\000c\000i\000f\000i\000c\000\040\000R\000i\000s\000k\000-\000T\000a\000k\000i\000n\000g}{subsection.3.2}% 58
\BOOKMARK [3][-]{subsubsection.3.2.8}{\376\377\000I\000n\000t\000e\000r\000a\000c\000t\000i\000o\000n\000s}{subsection.3.2}% 59
\BOOKMARK [3][-]{subsubsection.3.2.9}{\376\377\000D\000i\000s\000c\000u\000s\000s\000i\000o\000n}{subsection.3.2}% 60
\BOOKMARK [3][-]{subsubsection.3.2.10}{\376\377\000L\000i\000m\000i\000t\000a\000t\000i\000o\000n\000s}{subsection.3.2}% 61
\BOOKMARK [3][-]{subsubsection.3.2.11}{\376\377\000F\000u\000t\000u\000r\000e\000\040\000I\000m\000p\000l\000i\000c\000a\000t\000i\000o\000n\000s}{subsection.3.2}% 62
\BOOKMARK [2][-]{subsection.3.3}{\376\377\000F\000i\000g\000u\000r\000e\000s\000\040\000a\000n\000d\000\040\000T\000a\000b\000l\000e\000s}{section.3}% 63
\BOOKMARK [1][-]{section.4}{\376\377\000C\000h\000a\000p\000t\000e\000r\000\040\0003\000:\000\040\000N\000a\000r\000c\000i\000s\000s\000i\000s\000m\000\040\000a\000n\000d\000\040\000D\000e\000c\000i\000s\000i\000o\000n\000-\000M\000a\000k\000i\000n\000g}{}% 64
\BOOKMARK [2][-]{subsection.4.1}{\376\377\000E\000x\000p\000e\000r\000i\000m\000e\000n\000t\000\040\0001\000:}{section.4}% 65
\BOOKMARK [2][-]{subsection.4.2}{\376\377\000E\000x\000p\000e\000r\000i\000m\000e\000n\000t\000\040\0001\000\040\000R\000e\000v\000i\000e\000w}{section.4}% 66
\BOOKMARK [2][-]{subsection.4.3}{\376\377\000N\000a\000r\000c\000i\000s\000s\000i\000s\000m}{section.4}% 67
\BOOKMARK [2][-]{subsection.4.4}{\376\377\000T\000h\000e\000\040\000p\000r\000e\000s\000e\000n\000t\000\040\000E\000x\000p\000e\000r\000i\000m\000e\000n\000t\000s}{section.4}% 68
\BOOKMARK [3][-]{subsubsection.4.4.1}{\376\377\000M\000e\000t\000h\000o\000d\000s}{subsection.4.4}% 69
\BOOKMARK [3][-]{subsubsection.4.4.2}{\376\377\000M\000a\000t\000e\000r\000i\000a\000l\000s}{subsection.4.4}% 70
\BOOKMARK [4][-]{paragraph.4.4.2.1}{\376\377\000B\000r\000i\000e\000f\000-\000P\000a\000t\000h\000o\000l\000o\000g\000i\000c\000a\000l\000\040\000N\000a\000r\000c\000i\000s\000s\000i\000s\000m\000\040\000I\000n\000v\000e\000n\000t\000o\000r\000y}{subsubsection.4.4.2}% 71
\BOOKMARK [3][-]{subsubsection.4.4.3}{\376\377\000P\000r\000o\000c\000e\000d\000u\000r\000e}{subsection.4.4}% 72
\BOOKMARK [3][-]{subsubsection.4.4.4}{\376\377\000D\000a\000t\000a\000\040\000a\000n\000a\000l\000y\000s\000i\000s}{subsection.4.4}% 73
\BOOKMARK [3][-]{subsubsection.4.4.5}{\376\377\000R\000e\000s\000u\000l\000t\000s}{subsection.4.4}% 74
\BOOKMARK [3][-]{subsubsection.4.4.6}{\376\377\000P\000r\000e\000r\000e\000g\000i\000s\000t\000e\000r\000e\000d\000\040\000A\000n\000a\000l\000y\000s\000e\000s}{subsection.4.4}% 75
\BOOKMARK [4][-]{paragraph.4.4.6.1}{\376\377\000D\000e\000m\000o\000g\000r\000a\000p\000h\000i\000c\000\040\000a\000n\000d\000\040\000D\000o\000P\000L}{subsubsection.4.4.6}% 76
\BOOKMARK [3][-]{subsubsection.4.4.7}{\376\377\000D\000o\000m\000a\000i\000n\000-\000S\000p\000e\000c\000i\000f\000i\000c\000\040\000R\000i\000s\000k\000-\000T\000a\000k\000i\000n\000g}{subsection.4.4}% 77
\BOOKMARK [3][-]{subsubsection.4.4.8}{\376\377\000I\000n\000t\000e\000r\000a\000c\000t\000i\000o\000n\000s}{subsection.4.4}% 78
\BOOKMARK [3][-]{subsubsection.4.4.9}{\376\377\000D\000i\000s\000c\000u\000s\000s\000i\000o\000n}{subsection.4.4}% 79
\BOOKMARK [3][-]{subsubsection.4.4.10}{\376\377\000L\000i\000m\000i\000t\000a\000t\000i\000o\000n\000s}{subsection.4.4}% 80
\BOOKMARK [3][-]{subsubsection.4.4.11}{\376\377\000F\000u\000t\000u\000r\000e\000\040\000I\000m\000p\000l\000i\000c\000a\000t\000i\000o\000n\000s}{subsection.4.4}% 81
\BOOKMARK [2][-]{subsection.4.5}{\376\377\000F\000i\000g\000u\000r\000e\000s\000\040\000a\000n\000d\000\040\000T\000a\000b\000l\000e\000s}{section.4}% 82
\BOOKMARK [1][-]{section.5}{\376\377\000R\000e\000f\000e\000r\000e\000n\000c\000e\000s}{}% 83
